<?xml version="1.0" encoding="UTF-8"?>
<testsuite name="com.devops.AppTest" tests="1" skipped="0" failures="0" errors="0" timestamp="2024-08-05T18:34:31" hostname="YUVAN" time="0.001">
  <properties/>
  <testcase name="testApp" classname="com.devops.AppTest" time="0.001"/>
  <system-out><![CDATA[]]></system-out>
  <system-err><![CDATA[]]></system-err>
</testsuite>
